[debug] [2020-11-11T03:37:25.636Z] ----------------------------------------------------------------------
[debug] [2020-11-11T03:37:25.638Z] Command:       /Users/cha/.nvm/versions/node/v12.18.1/bin/node /usr/local/bin/firebase emulators:start
[debug] [2020-11-11T03:37:25.638Z] CLI Version:   7.6.1
[debug] [2020-11-11T03:37:25.638Z] Platform:      darwin
[debug] [2020-11-11T03:37:25.638Z] Node Version:  v12.18.1
[debug] [2020-11-11T03:37:25.639Z] Time:          Tue Nov 10 2020 22:37:25 GMT-0500 (Eastern Standard Time)
[debug] [2020-11-11T03:37:25.639Z] ----------------------------------------------------------------------
[debug] [2020-11-11T03:37:25.639Z] 
[info] i  Starting emulators: ["firestore"]
[info] i  firestore: Serving ALL traffic (including WebChannel) on http://localhost:8080
[warn] ⚠  firestore: Support for WebChannel on a separate port (8081) is DEPRECATED and will go away soon. Please use port above instead.
[debug] [2020-11-11T03:37:25.667Z] Ignoring unsupported arg: projectId
[debug] [2020-11-11T03:37:25.667Z] Ignoring unsupported arg: auto_download
[debug] [2020-11-11T03:37:25.667Z] Starting emulator firestore with command {"binary":"java","args":["-Duser.language=en","-jar","/Users/cha/.cache/firebase/emulators/cloud-firestore-emulator-v1.9.0.jar","--host","localhost","--port",8080,"--rules","/Users/cha/repos/discord-league-bot/firestore.rules","--webchannel_port",8081],"optionalArgs":["port","webchannel_port","host","rules","functions_emulator"]}
[info] i  firestore: Emulator logging to firestore-debug.log
[debug] [2020-11-11T03:37:27.468Z] API endpoint: http://localhost
[debug] [2020-11-11T03:37:27.468Z] :8080
If you are using a library that supports the FIRESTORE_EMULATOR_HOST environment variable, run:

   export FIRESTORE_EMULATOR_HOST=localhost:8080

Dev App Server is now running.


[info] ✔  firestore: Emulator started at http://localhost:8080
[info] i  firestore: For testing set FIRESTORE_EMULATOR_HOST=localhost:8080
[info] ✔  All emulators started, it is now safe to connect.
[debug] [2020-11-11T03:37:49.430Z] Nov 10, 2020 10:37:49 PM io.gapi.emulators.netty.HttpVersionRoutingHandler channelRead
INFO: Detected non-HTTP/2 connection.

[debug] [2020-11-11T03:37:50.098Z] Nov 10, 2020 10:37:50 PM io.gapi.emulators.netty.NotFoundHandler handleRequest
INFO: Unknown request URI: /favicon.ico

[debug] [2020-11-11T03:38:31.019Z] Nov 10, 2020 10:38:31 PM io.gapi.emulators.netty.HttpVersionRoutingHandler channelRead
INFO: Detected HTTP/2 connection.

[debug] [2020-11-11T03:38:50.796Z] Nov 10, 2020 10:38:50 PM io.gapi.emulators.netty.HttpVersionRoutingHandler channelRead
INFO: Detected HTTP/2 connection.

[debug] [2020-11-11T03:39:52.891Z] Nov 10, 2020 10:39:52 PM io.gapi.emulators.netty.HttpVersionRoutingHandler channelRead
INFO: Detected HTTP/2 connection.

[debug] [2020-11-11T03:42:20.165Z] Nov 10, 2020 10:42:20 PM io.gapi.emulators.netty.HttpVersionRoutingHandler channelRead
INFO: Detected HTTP/2 connection.

[debug] [2020-11-11T04:12:38.254Z] Nov 10, 2020 11:12:38 PM io.gapi.emulators.netty.HttpVersionRoutingHandler channelRead
INFO: Detected HTTP/2 connection.

[debug] [2020-11-11T04:12:57.379Z] Nov 10, 2020 11:12:57 PM io.gapi.emulators.netty.HttpVersionRoutingHandler channelRead
INFO: Detected HTTP/2 connection.

